Flow report for singleCycle
Fri Apr 18 07:08:13 2025
Quartus II 64-Bit Version 13.0.1 Build 232 06/12/2013 Service Pack 1 SJ Web Edition


---------------------
; Table of Contents ;
---------------------
  1. Legal Notice
  2. Flow Summary
  3. Flow Settings
  4. Flow Non-Default Global Settings
  5. Flow Elapsed Time
  6. Flow OS Summary
  7. Flow Log
  8. Flow Messages
  9. Flow Suppressed Messages



----------------
; Legal Notice ;
----------------
Copyright (C) 1991-2013 Altera Corporation
Your use of Altera Corporation's design tools, logic functions 
and other software and tools, and its AMPP partner logic 
functions, and any output files from any of the foregoing 
(including device programming or simulation files), and any 
associated documentation or information are expressly subject 
to the terms and conditions of the Altera Program License 
Subscription Agreement, Altera MegaCore Function License 
Agreement, or other applicable license agreement, including, 
without limitation, that your use is for the sole purpose of 
programming logic devices manufactured by Altera and sold by 
Altera or its authorized distributors.  Please refer to the 
applicable agreement for further details.



+---------------------------------------------------------------------------------------+
; Flow Summary                                                                          ;
+------------------------------------+--------------------------------------------------+
; Flow Status                        ; MIF/HEX Update Failed - Fri Apr 18 07:08:13 2025 ;
; Quartus II 64-Bit Version          ; 13.0.1 Build 232 06/12/2013 SP 1 SJ Web Edition  ;
; Revision Name                      ; singleCycle                                      ;
; Top-level Entity Name              ; singlecycle                                      ;
; Family                             ; Cyclone II                                       ;
; Device                             ; EP2C70F896C6                                     ;
; Timing Models                      ; Final                                            ;
; Total logic elements               ; 60 / 68,416 ( < 1 % )                            ;
;     Total combinational functions  ; 30 / 68,416 ( < 1 % )                            ;
;     Dedicated logic registers      ; 60 / 68,416 ( < 1 % )                            ;
; Total registers                    ; 60                                               ;
; Total pins                         ; 223 / 622 ( 36 % )                               ;
; Total virtual pins                 ; 0                                                ;
; Total memory bits                  ; 0 / 1,152,000 ( 0 % )                            ;
; Embedded Multiplier 9-bit elements ; 0 / 300 ( 0 % )                                  ;
; Total PLLs                         ; 0 / 4 ( 0 % )                                    ;
+------------------------------------+--------------------------------------------------+


+-----------------------------------------+
; Flow Settings                           ;
+-------------------+---------------------+
; Option            ; Setting             ;
+-------------------+---------------------+
; Start date & time ; 04/18/2025 07:07:24 ;
; Main task         ; Compilation         ;
; Revision Name     ; singleCycle         ;
+-------------------+---------------------+


+-----------------------------------------------------------------------------------------------------------------+
; Flow Non-Default Global Settings                                                                                ;
+-------------------------------------+--------------------------------+---------------+-------------+------------+
; Assignment Name                     ; Value                          ; Default Value ; Entity Name ; Section Id ;
+-------------------------------------+--------------------------------+---------------+-------------+------------+
; COMPILER_SIGNATURE_ID               ; 27332939166419.174493484406700 ; --            ; --          ; --         ;
; MAX_CORE_JUNCTION_TEMP              ; 85                             ; --            ; --          ; --         ;
; MIN_CORE_JUNCTION_TEMP              ; 0                              ; --            ; --          ; --         ;
; PARTITION_COLOR                     ; 16764057                       ; --            ; singlecycle ; Top        ;
; PARTITION_FITTER_PRESERVATION_LEVEL ; PLACEMENT_AND_ROUTING          ; --            ; singlecycle ; Top        ;
; PARTITION_NETLIST_TYPE              ; SOURCE                         ; --            ; singlecycle ; Top        ;
; PROJECT_OUTPUT_DIRECTORY            ; output_files                   ; --            ; --          ; --         ;
+-------------------------------------+--------------------------------+---------------+-------------+------------+


+-------------------------------------------------------------------------------------------------------------------------------+
; Flow Elapsed Time                                                                                                             ;
+---------------------------+--------------+-------------------------+---------------------+------------------------------------+
; Module Name               ; Elapsed Time ; Average Processors Used ; Peak Virtual Memory ; Total CPU Time (on all processors) ;
+---------------------------+--------------+-------------------------+---------------------+------------------------------------+
; Analysis & Synthesis      ; 00:00:17     ; 1.0                     ; 4852 MB             ; 00:00:16                           ;
; Fitter                    ; 00:00:14     ; 1.0                     ; 4984 MB             ; 00:00:14                           ;
; Assembler                 ; 00:00:05     ; 1.0                     ; 4571 MB             ; 00:00:05                           ;
; TimeQuest Timing Analyzer ; 00:00:02     ; 1.0                     ; 4549 MB             ; 00:00:01                           ;
; MIF/HEX Update            ; 00:00:02     ; 1.0                     ; 4657 MB             ; 00:00:02                           ;
; Total                     ; 00:00:40     ; --                      ; --                  ; 00:00:38                           ;
+---------------------------+--------------+-------------------------+---------------------+------------------------------------+


+----------------------------------------------------------------------------------------+
; Flow OS Summary                                                                        ;
+---------------------------+------------------+-----------+------------+----------------+
; Module Name               ; Machine Hostname ; OS Name   ; OS Version ; Processor type ;
+---------------------------+------------------+-----------+------------+----------------+
; Analysis & Synthesis      ; DESKTOP-BU7HHRL  ; Windows 7 ; 6.2        ; x86_64         ;
; Fitter                    ; DESKTOP-BU7HHRL  ; Windows 7 ; 6.2        ; x86_64         ;
; Assembler                 ; DESKTOP-BU7HHRL  ; Windows 7 ; 6.2        ; x86_64         ;
; TimeQuest Timing Analyzer ; DESKTOP-BU7HHRL  ; Windows 7 ; 6.2        ; x86_64         ;
; MIF/HEX Update            ; DESKTOP-BU7HHRL  ; Windows 7 ; 6.2        ; x86_64         ;
+---------------------------+------------------+-----------+------------+----------------+


------------
; Flow Log ;
------------
quartus_map --read_settings_files=on --write_settings_files=off singleCycle -c singleCycle
quartus_fit --read_settings_files=off --write_settings_files=off singleCycle -c singleCycle
quartus_asm --read_settings_files=off --write_settings_files=off singleCycle -c singleCycle
quartus_sta singleCycle -c singleCycle
quartus_cdb singleCycle -c singleCycle --update_mif



